0 info it worked if it ends with ok
1 verbose cli [ '/home/vamsi/.nvm/versions/node/v5.3.0/bin/node',
1 verbose cli   '/home/vamsi/.nvm/versions/node/v5.3.0/bin/npm',
1 verbose cli   'run',
1 verbose cli   'dev' ]
2 info using npm@3.3.12
3 info using node@v5.3.0
4 verbose run-script [ 'predev', 'dev', 'postdev' ]
5 info lifecycle bacon-form@1.0.0~predev: bacon-form@1.0.0
6 silly lifecycle bacon-form@1.0.0~predev: no script for predev, continuing
7 info lifecycle bacon-form@1.0.0~dev: bacon-form@1.0.0
8 verbose lifecycle bacon-form@1.0.0~dev: unsafe-perm in lifecycle true
9 verbose lifecycle bacon-form@1.0.0~dev: PATH: /home/vamsi/.nvm/versions/node/v5.3.0/lib/node_modules/npm/bin/node-gyp-bin:/home/vamsi/Do/highland-fun/bacon-form/node_modules/.bin:/home/vamsi/.nvm/versions/node/v5.3.0/bin:/home/vamsi/.local/bin:/usr/local/sbin:/usr/local/bin:/usr/sbin:/usr/bin:/sbin:/bin:/usr/games:/usr/local/games:/usr/lib/jvm/java-8-oracle/bin:/usr/lib/jvm/java-8-oracle/db/bin:/usr/lib/jvm/java-8-oracle/jre/bin:/home/vamsi/.rvm/bin
10 verbose lifecycle bacon-form@1.0.0~dev: CWD: /home/vamsi/Do/highland-fun/bacon-form
11 silly lifecycle bacon-form@1.0.0~dev: Args: [ '-c', 'webpack-dev-server -d' ]
12 silly lifecycle bacon-form@1.0.0~dev: Returned: code: 1  signal: null
13 info lifecycle bacon-form@1.0.0~dev: Failed to exec dev script
14 verbose stack Error: bacon-form@1.0.0 dev: `webpack-dev-server -d`
14 verbose stack Exit status 1
14 verbose stack     at EventEmitter.<anonymous> (/home/vamsi/.nvm/versions/node/v5.3.0/lib/node_modules/npm/lib/utils/lifecycle.js:232:16)
14 verbose stack     at emitTwo (events.js:87:13)
14 verbose stack     at EventEmitter.emit (events.js:172:7)
14 verbose stack     at ChildProcess.<anonymous> (/home/vamsi/.nvm/versions/node/v5.3.0/lib/node_modules/npm/lib/utils/spawn.js:24:14)
14 verbose stack     at emitTwo (events.js:87:13)
14 verbose stack     at ChildProcess.emit (events.js:172:7)
14 verbose stack     at maybeClose (internal/child_process.js:818:16)
14 verbose stack     at Process.ChildProcess._handle.onexit (internal/child_process.js:211:5)
15 verbose pkgid bacon-form@1.0.0
16 verbose cwd /home/vamsi/Do/highland-fun/bacon-form
17 error Linux 4.2.0-34-generic
18 error argv "/home/vamsi/.nvm/versions/node/v5.3.0/bin/node" "/home/vamsi/.nvm/versions/node/v5.3.0/bin/npm" "run" "dev"
19 error node v5.3.0
20 error npm  v3.3.12
21 error code ELIFECYCLE
22 error bacon-form@1.0.0 dev: `webpack-dev-server -d`
22 error Exit status 1
23 error Failed at the bacon-form@1.0.0 dev script 'webpack-dev-server -d'.
23 error Make sure you have the latest version of node.js and npm installed.
23 error If you do, this is most likely a problem with the bacon-form package,
23 error not with npm itself.
23 error Tell the author that this fails on your system:
23 error     webpack-dev-server -d
23 error You can get their info via:
23 error     npm owner ls bacon-form
23 error There is likely additional logging output above.
24 verbose exit [ 1, true ]
